<?xml version="1.0" encoding="UTF-8"?>
<!-- Generated by org.testng.reporters.JUnitXMLReporter -->
<testsuite ignored="0" hostname="DESKTOP-V45M5B9" failures="1" tests="4" name="Test" time="36.057" errors="0" timestamp="2023-01-27T18:56:27 IST">
  <testcase classname="ecommerceTestCases.TC_LoginwithParameters" name="LoginData" time="2.037">
    <failure type="graphql.AssertException" message="condition expected to be true">
      <![CDATA[graphql.AssertException: condition expected to be true
at graphql.Assert.assertTrue(Assert.java:85)
at ecommerceTestCases.TC_LoginwithParameters.LoginData(TC_LoginwithParameters.java:40)
at java.base/java.util.ArrayList.forEach(ArrayList.java:1511)
... Removed 25 stack frames]]>
    </failure>
  </testcase> <!-- LoginData -->
  <testcase classname="ecommerceTestCases.TC_LoginwithParameters" name="LoginData" time="1.674"/>
  <testcase classname="ecommerceTestCases.TC_LoginwithParameters" name="LoginData" time="2.095"/>
  <testcase classname="ecommerceTestCases.TC_LoginwithParameters" name="LoginData" time="0.592"/>
</testsuite> <!-- Test -->
